[2014-08-07 14:00:25][reg2lua.cpp Q_LuaLog 32][ERROR] E:\googlecode\trunk\QService\Bin\lua\Echo.lua:18: attempt to index local 'a' (a nil value)
[2014-08-07 14:00:25][reg2lua.cpp Q_LuaLog 32][ERROR] stack traceback:
	E:\googlecode\trunk\QService\Bin\lua\Public/Utile.lua:58: in function 'GetLuaStack'
	E:\googlecode\trunk\QService\Bin\lua\Public/Utile.lua:74: in function 'CallFunc'
	E:\googlecode\trunk\QService\Bin\lua\Public/RegFuncs.lua:28: in function 'OnGameEvent'
	E:\googlecode\trunk\QService\Bin\Lua\Main.lua:19: in function <E:\googlecode\trunk\QService\Bin\Lua\Main.lua:18>
[2014-08-07 14:00:26][serviceinit.cpp CServerInit::Start 142][INFO] start service successful!
[2014-08-07 14:30:43][serviceinit.cpp CServerInit::Start 142][INFO] start service successful!
[2014-08-07 14:31:01][serviceinit.cpp CServerInit::Start 142][INFO] start service successful!
[2014-08-07 14:32:56][serviceinit.cpp CServerInit::Start 142][INFO] start service successful!
[2014-08-07 14:36:25][reg2lua.cpp Q_LuaLog 32][ERROR] E:\googlecode\trunk\QService\Bin\lua\Echo.lua:18: attempt to index local 'a' (a nil value)
[2014-08-07 14:36:25][reg2lua.cpp Q_LuaLog 32][ERROR] stack traceback:
	E:\googlecode\trunk\QService\Bin\lua\Public/Utile.lua:100: in function 'CallFunc'
	E:\googlecode\trunk\QService\Bin\lua\Public/RegFuncs.lua:28: in function 'OnGameEvent'
	E:\googlecode\trunk\QService\Bin\Lua\Main.lua:19: in function <E:\googlecode\trunk\QService\Bin\Lua\Main.lua:18>
[2014-08-07 14:36:25][serviceinit.cpp CServerInit::Start 142][INFO] start service successful!
[2014-08-07 14:40:42][reg2lua.cpp Q_LuaLog 32][ERROR] E:\googlecode\trunk\QService\Bin\lua\Echo.lua:18: attempt to index local 'a' (a nil value)
[2014-08-07 14:40:42][reg2lua.cpp Q_LuaLog 32][ERROR] stack traceback:
	E:\googlecode\trunk\QService\Bin\lua\Public/Utile.lua:65: in function 'CallFunc'
	E:\googlecode\trunk\QService\Bin\lua\Public/RegFuncs.lua:28: in function 'OnGameEvent'
	E:\googlecode\trunk\QService\Bin\Lua\Main.lua:19: in function <E:\googlecode\trunk\QService\Bin\Lua\Main.lua:18>
[2014-08-07 14:40:42][serviceinit.cpp CServerInit::Start 142][INFO] start service successful!
[2014-08-07 14:46:31][reg2lua.cpp Q_LuaLog 32][ERROR] E:\googlecode\trunk\QService\Bin\lua\Echo.lua:18: attempt to index local 'a' (a nil value)
[2014-08-07 14:46:31][reg2lua.cpp Q_LuaLog 32][ERROR] stack traceback:
	E:\googlecode\trunk\QService\Bin\lua\Public/Utile.lua:65: in function 'CallFunc'
	E:\googlecode\trunk\QService\Bin\lua\Public/RegFuncs.lua:28: in function 'OnGameEvent'
	E:\googlecode\trunk\QService\Bin\Lua\Main.lua:19: in function <E:\googlecode\trunk\QService\Bin\Lua\Main.lua:18>
[2014-08-07 14:46:31][serviceinit.cpp CServerInit::Start 142][INFO] start service successful!
[2014-08-07 14:46:34][qservice.cpp startSV 59][INFO] get signal to stop service.
[2014-08-07 14:46:53][serviceinit.cpp CServerInit::Start 142][INFO] start service successful!
[2014-08-07 14:48:15][qservice.cpp startSV 59][INFO] get signal to stop service.
[2014-08-07 15:06:53][serviceinit.cpp CServerInit::Start 142][INFO] start service successful!
[2014-08-07 15:07:10][qservice.cpp startSV 59][INFO] get signal to stop service.
[2014-08-07 15:27:19][serviceinit.cpp CServerInit::Start 142][INFO] start service successful!
[2014-08-07 15:28:01][qservice.cpp startSV 59][INFO] get signal to stop service.
[2014-08-07 15:28:39][serviceinit.cpp CServerInit::Start 142][INFO] start service successful!
[2014-08-07 15:30:43][serviceinit.cpp CServerInit::Start 142][INFO] start service successful!
[2014-08-07 15:30:47][qservice.cpp startSV 59][INFO] get signal to stop service.
[2014-08-07 15:37:34][serviceinit.cpp CServerInit::Start 142][INFO] start service successful!
[2014-08-07 15:37:38][qservice.cpp startSV 59][INFO] get signal to stop service.
[2014-08-07 15:48:37][serviceinit.cpp CServerInit::Start 142][INFO] start service successful!
[2014-08-07 15:48:53][qservice.cpp startSV 59][INFO] get signal to stop service.
[2014-08-07 15:49:00][serviceinit.cpp CServerInit::Start 142][INFO] start service successful!
[2014-08-07 15:49:17][serviceinit.cpp CServerInit::Start 142][INFO] start service successful!
[2014-08-07 15:49:24][qservice.cpp startSV 59][INFO] get signal to stop service.
[2014-08-07 16:25:34][serviceinit.cpp CServerInit::Start 142][INFO] start service successful!
[2014-08-07 16:25:42][qservice.cpp startSV 59][INFO] get signal to stop service.
[2014-08-07 16:30:23][serviceinit.cpp CServerInit::Start 142][INFO] start service successful!
[2014-08-07 16:46:40][serviceinit.cpp CServerInit::Start 142][INFO] start service successful!
[2014-08-07 16:47:03][serviceinit.cpp CServerInit::Start 142][INFO] start service successful!
[2014-08-07 16:47:31][serviceinit.cpp CServerInit::Start 142][INFO] start service successful!
[2014-08-07 16:48:08][serviceinit.cpp CServerInit::Start 142][INFO] start service successful!
[2014-08-07 16:48:19][qservice.cpp startSV 59][INFO] get signal to stop service.
[2014-08-07 16:50:48][serviceinit.cpp CServerInit::Start 142][INFO] start service successful!
[2014-08-07 16:51:20][qservice.cpp startSV 59][INFO] get signal to stop service.
[2014-08-07 16:51:39][serviceinit.cpp CServerInit::Start 142][INFO] start service successful!
[2014-08-07 16:51:49][qservice.cpp startSV 59][INFO] get signal to stop service.
[2014-08-07 17:05:53][serviceinit.cpp CServerInit::Start 142][INFO] start service successful!
[2014-08-07 17:05:58][qservice.cpp startSV 59][INFO] get signal to stop service.
[2014-08-07 18:40:43][serviceinit.cpp CServerInit::Start 142][INFO] start service successful!
[2014-08-07 18:40:45][qservice.cpp startSV 59][INFO] get signal to stop service.
[2014-08-07 19:27:38][serviceinit.cpp CServerInit::Start 142][INFO] start service successful!
[2014-08-07 19:29:34][serviceinit.cpp CServerInit::Start 142][INFO] start service successful!
[2014-08-07 19:30:18][serviceinit.cpp CServerInit::Start 142][INFO] start service successful!
[2014-08-07 19:31:45][serviceinit.cpp CServerInit::Start 142][INFO] start service successful!
[2014-08-08 10:11:28][serviceinit.cpp CServerInit::Start 142][INFO] start service successful!
[2014-08-08 10:11:30][qservice.cpp startSV 59][INFO] get signal to stop service.
[2014-08-08 10:15:53][serviceinit.cpp CServerInit::Start 142][INFO] start service successful!
[2014-08-08 10:16:16][serviceinit.cpp CServerInit::Start 142][INFO] start service successful!
[2014-08-08 10:21:54][serviceinit.cpp CServerInit::Start 142][INFO] start service successful!
[2014-08-08 10:23:13][serviceinit.cpp CServerInit::Start 142][INFO] start service successful!
[2014-08-08 10:35:11][serviceinit.cpp CServerInit::Start 142][INFO] start service successful!
[2014-08-08 10:35:34][qservice.cpp startSV 59][INFO] get signal to stop service.
[2014-08-08 10:49:53][serviceinit.cpp CServerInit::Start 142][INFO] start service successful!
[2014-08-08 10:49:55][qservice.cpp startSV 59][INFO] get signal to stop service.
[2014-08-08 11:22:43][serviceinit.cpp CServerInit::Start 142][INFO] start service successful!
[2014-08-08 11:22:58][qservice.cpp startSV 59][INFO] get signal to stop service.
[2014-08-08 11:33:13][serviceinit.cpp CServerInit::Start 142][INFO] start service successful!
[2014-08-08 11:42:11][serviceinit.cpp CServerInit::Start 142][INFO] start service successful!
[2014-08-08 11:42:32][qservice.cpp startSV 59][INFO] get signal to stop service.
[2014-08-08 11:42:56][serviceinit.cpp CServerInit::Start 142][INFO] start service successful!
[2014-08-08 11:43:10][qservice.cpp startSV 59][INFO] get signal to stop service.
[2014-08-08 11:44:30][serviceinit.cpp CServerInit::Start 142][INFO] start service successful!
[2014-08-08 11:47:17][serviceinit.cpp CServerInit::Start 142][INFO] start service successful!
[2014-08-08 11:47:40][qservice.cpp startSV 59][INFO] get signal to stop service.
[2014-08-08 11:48:04][serviceinit.cpp CServerInit::Start 142][INFO] start service successful!
[2014-08-08 12:40:31][serviceinit.cpp CServerInit::Start 142][INFO] start service successful!
[2014-08-08 12:56:14][qservice.cpp startSV 59][INFO] get signal to stop service.
[2014-08-08 12:56:19][serviceinit.cpp CServerInit::Start 142][INFO] start service successful!
[2014-08-08 12:56:30][qservice.cpp startSV 59][INFO] get signal to stop service.
[2014-08-08 14:50:54][serviceinit.cpp CServerInit::Start 142][INFO] start service successful!
[2014-08-08 15:00:45][qservice.cpp startSV 59][INFO] get signal to stop service.
[2014-08-08 15:02:54][serviceinit.cpp CServerInit::Start 142][INFO] start service successful!
[2014-08-08 15:02:55][qservice.cpp startSV 59][INFO] get signal to stop service.
[2014-08-08 15:11:27][serviceinit.cpp CServerInit::Start 142][INFO] start service successful!
[2014-08-08 15:12:12][serviceinit.cpp CServerInit::Start 142][INFO] start service successful!
[2014-08-08 15:13:35][serviceinit.cpp CServerInit::Start 142][INFO] start service successful!
[2014-08-08 15:14:10][serviceinit.cpp CServerInit::Start 142][INFO] start service successful!
[2014-08-08 15:14:19][qservice.cpp startSV 59][INFO] get signal to stop service.
[2014-08-08 15:16:54][serviceinit.cpp CServerInit::Start 142][INFO] start service successful!
[2014-08-08 15:18:47][serviceinit.cpp CServerInit::Start 142][INFO] start service successful!
